2025-04-10 15:30:56.945558 - Received SBGOLOB.CBT509.FILE874 from FILE874.XMI 
2025-04-10 15:30:56.948444 - Found $$$#DATE.txt (text/plain) in SBGOLOB.CBT509.FILE874, moved to PDS/$$$#DATE
2025-04-10 15:30:56.948651 - Found $$INDEX.txt (text/plain) in SBGOLOB.CBT509.FILE874, moved to PDS/$$INDEX
2025-04-10 15:30:56.949170 - Found $HEL.xmi (application/xmit) in SBGOLOB.CBT509.FILE874, moved to PDS/$HEL.xmi
2025-04-10 15:30:57.076253 - Received GREG.REVIEWZ.LOAD from $HEL.xmi 
2025-04-10 15:30:57.076903 - Found DELINKI.bin (application/octet-stream) in GREG.REVIEWZ.LOAD, moved to $HEL/DELINKI
2025-04-10 15:30:57.077067 - Found DWNSPDSR.bin (application/octet-stream) in GREG.REVIEWZ.LOAD, moved to $HEL/DWNSPDSR
2025-04-10 15:30:57.077115 - Found alias FSH to REVIEW in GREG.REVIEWZ.LOAD, moved to PDS/FSH
2025-04-10 15:30:57.077158 - Found alias FSHELP to REVIEW in GREG.REVIEWZ.LOAD, moved to PDS/FSHELP
2025-04-10 15:30:57.077191 - Found alias HEL to REVIEW in GREG.REVIEWZ.LOAD, moved to PDS/HEL
2025-04-10 15:30:57.077330 - Found OFFLMOD.bin (application/octet-stream) in GREG.REVIEWZ.LOAD, moved to $HEL/OFFLMOD
2025-04-10 15:30:57.077369 - Found alias REV to REVIEW in GREG.REVIEWZ.LOAD, moved to PDS/REV
2025-04-10 15:30:57.077507 - Found REVCRW.bin (application/octet-stream) in GREG.REVIEWZ.LOAD, moved to $HEL/REVCRW
2025-04-10 15:30:57.077546 - Found alias REVED to REVIEW in GREG.REVIEWZ.LOAD, moved to PDS/REVED
2025-04-10 15:30:57.077709 - Found REVIEW.bin (application/octet-stream) in GREG.REVIEWZ.LOAD, moved to $HEL/REVIEW
2025-04-10 15:30:57.077752 - Found alias REVLEV to REVIEW in GREG.REVIEWZ.LOAD, moved to PDS/REVLEV
2025-04-10 15:30:57.077854 - Found REVLMOD.bin (application/octet-stream) in GREG.REVIEWZ.LOAD, moved to $HEL/REVLMOD
2025-04-10 15:30:57.077959 - Found REVLPDS.bin (application/octet-stream) in GREG.REVIEWZ.LOAD, moved to $HEL/REVLPDS
2025-04-10 15:30:57.077996 - Found alias REVOUT to REVIEW in GREG.REVIEWZ.LOAD, moved to PDS/REVOUT
2025-04-10 15:30:57.078097 - Found REVSMF.bin (application/octet-stream) in GREG.REVIEWZ.LOAD, moved to $HEL/REVSMF
2025-04-10 15:30:57.078446 - Found REVSMFZ.bin (application/octet-stream) in GREG.REVIEWZ.LOAD, moved to $HEL/REVSMFZ
2025-04-10 15:30:57.078578 - Found REVSMF7.bin (application/octet-stream) in GREG.REVIEWZ.LOAD, moved to $HEL/REVSMF7
2025-04-10 15:30:57.078681 - Found REVTOCRD.bin (application/octet-stream) in GREG.REVIEWZ.LOAD, moved to $HEL/REVTOCRD
2025-04-10 15:30:57.078730 - Found alias REVVSAM to REVIEW in GREG.REVIEWZ.LOAD, moved to PDS/REVVSAM
2025-04-10 15:30:57.078769 - Found alias RFE to REVIEW in GREG.REVIEWZ.LOAD, moved to PDS/RFE
2025-04-10 15:30:57.079903 - Found @FILE874.txt (text/plain) in SBGOLOB.CBT509.FILE874, moved to PDS/@FILE874
2025-04-10 15:30:57.080050 - Found ABEND.txt (text/plain) in SBGOLOB.CBT509.FILE874, moved to PDS/ABEND
2025-04-10 15:30:57.080155 - Found ADDTO.txt (text/plain) in SBGOLOB.CBT509.FILE874, moved to PDS/ADDTO
2025-04-10 15:30:57.080258 - Found ADIS.txt (text/plain) in SBGOLOB.CBT509.FILE874, moved to PDS/ADIS
2025-04-10 15:30:57.080368 - Found APFLIST.txt (text/plain) in SBGOLOB.CBT509.FILE874, moved to PDS/APFLIST
2025-04-10 15:30:57.080553 - Found BLKDISK.txt (text/plain) in SBGOLOB.CBT509.FILE874, moved to PDS/BLKDISK
2025-04-10 15:30:57.080680 - Found BLKSPTRK.txt (text/plain) in SBGOLOB.CBT509.FILE874, moved to PDS/BLKSPTRK
2025-04-10 15:30:57.080781 - Found BURN.txt (text/plain) in SBGOLOB.CBT509.FILE874, moved to PDS/BURN
2025-04-10 15:30:57.080893 - Found CATL.txt (text/plain) in SBGOLOB.CBT509.FILE874, moved to PDS/CATL
2025-04-10 15:30:57.081044 - Found CCAT.txt (text/plain) in SBGOLOB.CBT509.FILE874, moved to PDS/CCAT
2025-04-10 15:30:57.081148 - Found CDSCB.txt (text/plain) in SBGOLOB.CBT509.FILE874, moved to PDS/CDSCB
2025-04-10 15:30:57.081248 - Found CINMX.txt (text/plain) in SBGOLOB.CBT509.FILE874, moved to PDS/CINMX
2025-04-10 15:30:57.081360 - Found CNCLPG.txt (text/plain) in SBGOLOB.CBT509.FILE874, moved to PDS/CNCLPG
2025-04-10 15:30:57.081473 - Found COPYFILE.txt (text/plain) in SBGOLOB.CBT509.FILE874, moved to PDS/COPYFILE
2025-04-10 15:30:57.081577 - Found COPYMODS.txt (text/plain) in SBGOLOB.CBT509.FILE874, moved to PDS/COPYMODS
2025-04-10 15:30:57.081675 - Found COUNT.txt (text/plain) in SBGOLOB.CBT509.FILE874, moved to PDS/COUNT
2025-04-10 15:30:57.081772 - Found CPSCB.txt (text/plain) in SBGOLOB.CBT509.FILE874, moved to PDS/CPSCB
2025-04-10 15:30:57.081870 - Found CSCF.txt (text/plain) in SBGOLOB.CBT509.FILE874, moved to PDS/CSCF
2025-04-10 15:30:57.081966 - Found DELINUSE.txt (text/plain) in SBGOLOB.CBT509.FILE874, moved to PDS/DELINUSE
2025-04-10 15:30:57.082105 - Found DELNOENQ.txt (text/plain) in SBGOLOB.CBT509.FILE874, moved to PDS/DELNOENQ
2025-04-10 15:30:57.082229 - Found DSAT.txt (text/plain) in SBGOLOB.CBT509.FILE874, moved to PDS/DSAT
2025-04-10 15:30:57.082333 - Found DSMF.txt (text/plain) in SBGOLOB.CBT509.FILE874, moved to PDS/DSMF
2025-04-10 15:30:57.082443 - Found DSPACE.txt (text/plain) in SBGOLOB.CBT509.FILE874, moved to PDS/DSPACE
2025-04-10 15:30:57.082557 - Found DTEST.txt (text/plain) in SBGOLOB.CBT509.FILE874, moved to PDS/DTEST
2025-04-10 15:30:57.082663 - Found DVAT.txt (text/plain) in SBGOLOB.CBT509.FILE874, moved to PDS/DVAT
2025-04-10 15:30:57.082764 - Found DVOL.txt (text/plain) in SBGOLOB.CBT509.FILE874, moved to PDS/DVOL
2025-04-10 15:30:57.082886 - Found EESCB.txt (text/plain) in SBGOLOB.CBT509.FILE874, moved to PDS/EESCB
2025-04-10 15:30:57.083013 - Found FSH.txt (text/plain) in SBGOLOB.CBT509.FILE874, moved to PDS/FSH
2025-04-10 15:30:57.083117 - Found FSHELP.txt (text/plain) in SBGOLOB.CBT509.FILE874, moved to PDS/FSHELP
2025-04-10 15:30:57.083170 - Found alias HEL to FSH in SBGOLOB.CBT509.FILE874, moved to PDS/HEL
2025-04-10 15:30:57.083285 - Found ICH.txt (text/plain) in SBGOLOB.CBT509.FILE874, moved to PDS/ICH
2025-04-10 15:30:57.083408 - Found IEBANTP.txt (text/plain) in SBGOLOB.CBT509.FILE874, moved to PDS/IEBANTP
2025-04-10 15:30:57.083520 - Found IKJEEPTR.txt (text/plain) in SBGOLOB.CBT509.FILE874, moved to PDS/IKJEEPTR
2025-04-10 15:30:57.083621 - Found INMXD.txt (text/plain) in SBGOLOB.CBT509.FILE874, moved to PDS/INMXD
2025-04-10 15:30:57.083722 - Found JCLSET.txt (text/plain) in SBGOLOB.CBT509.FILE874, moved to PDS/JCLSET
2025-04-10 15:30:57.083833 - Found KMBAPFLB.txt (text/plain) in SBGOLOB.CBT509.FILE874, moved to PDS/KMBAPFLB
2025-04-10 15:30:57.083939 - Found KONCAT.txt (text/plain) in SBGOLOB.CBT509.FILE874, moved to PDS/KONCAT
2025-04-10 15:30:57.084046 - Found LDS.txt (text/plain) in SBGOLOB.CBT509.FILE874, moved to PDS/LDS
2025-04-10 15:30:57.084179 - Found LISTHEAD.txt (text/plain) in SBGOLOB.CBT509.FILE874, moved to PDS/LISTHEAD
2025-04-10 15:30:57.084294 - Found LISTLPA.txt (text/plain) in SBGOLOB.CBT509.FILE874, moved to PDS/LISTLPA
2025-04-10 15:30:57.084471 - Found LISTMOD.txt (text/plain) in SBGOLOB.CBT509.FILE874, moved to PDS/LISTMOD
2025-04-10 15:30:57.084589 - Found LOADTEST.txt (text/plain) in SBGOLOB.CBT509.FILE874, moved to PDS/LOADTEST
2025-04-10 15:30:57.084702 - Found LOCATE.txt (text/plain) in SBGOLOB.CBT509.FILE874, moved to PDS/LOCATE
2025-04-10 15:30:57.084816 - Found LOGOPTS.txt (text/plain) in SBGOLOB.CBT509.FILE874, moved to PDS/LOGOPTS
2025-04-10 15:30:57.084919 - Found LOOK.txt (text/plain) in SBGOLOB.CBT509.FILE874, moved to PDS/LOOK
2025-04-10 15:30:57.085020 - Found LPSCB.txt (text/plain) in SBGOLOB.CBT509.FILE874, moved to PDS/LPSCB
2025-04-10 15:30:57.085119 - Found LWATMGR.txt (text/plain) in SBGOLOB.CBT509.FILE874, moved to PDS/LWATMGR
2025-04-10 15:30:57.085333 - Found PDS86.txt (text/plain) in SBGOLOB.CBT509.FILE874, moved to PDS/PDS86
2025-04-10 15:30:57.085456 - Found PGLITE.txt (text/plain) in SBGOLOB.CBT509.FILE874, moved to PDS/PGLITE
2025-04-10 15:30:57.085558 - Found RELEASE.txt (text/plain) in SBGOLOB.CBT509.FILE874, moved to PDS/RELEASE
2025-04-10 15:30:57.085609 - Found alias REV to REVIEW in SBGOLOB.CBT509.FILE874, moved to PDS/REV
2025-04-10 15:30:57.085653 - Found alias REVED to REVEDIT in SBGOLOB.CBT509.FILE874, moved to PDS/REVED
2025-04-10 15:30:57.085775 - Found REVEDIT.txt (text/plain) in SBGOLOB.CBT509.FILE874, moved to PDS/REVEDIT
2025-04-10 15:30:57.085897 - Found REVIEW.txt (text/plain) in SBGOLOB.CBT509.FILE874, moved to PDS/REVIEW
2025-04-10 15:30:57.086001 - Found REVLEV.txt (text/plain) in SBGOLOB.CBT509.FILE874, moved to PDS/REVLEV
2025-04-10 15:30:57.086107 - Found REVOUT.txt (text/plain) in SBGOLOB.CBT509.FILE874, moved to PDS/REVOUT
2025-04-10 15:30:57.086218 - Found REVPDS.txt (text/plain) in SBGOLOB.CBT509.FILE874, moved to PDS/REVPDS
2025-04-10 15:30:57.086358 - Found REVPDSE.txt (text/plain) in SBGOLOB.CBT509.FILE874, moved to PDS/REVPDSE
2025-04-10 15:30:57.086470 - Found REVTSO.txt (text/plain) in SBGOLOB.CBT509.FILE874, moved to PDS/REVTSO
2025-04-10 15:30:57.086579 - Found REVUNIX.txt (text/plain) in SBGOLOB.CBT509.FILE874, moved to PDS/REVUNIX
2025-04-10 15:30:57.086627 - Found alias REVVSAM to REVIEW in SBGOLOB.CBT509.FILE874, moved to PDS/REVVSAM
2025-04-10 15:30:57.086728 - Found RFE.txt (text/plain) in SBGOLOB.CBT509.FILE874, moved to PDS/RFE
2025-04-10 15:30:57.086826 - Found RGENR.txt (text/plain) in SBGOLOB.CBT509.FILE874, moved to PDS/RGENR
2025-04-10 15:30:57.086931 - Found RPFHELP.txt (text/plain) in SBGOLOB.CBT509.FILE874, moved to PDS/RPFHELP
2025-04-10 15:30:57.087042 - Found RXJCL.txt (text/plain) in SBGOLOB.CBT509.FILE874, moved to PDS/RXJCL
2025-04-10 15:30:57.087145 - Found SHOWTCAS.txt (text/plain) in SBGOLOB.CBT509.FILE874, moved to PDS/SHOWTCAS
2025-04-10 15:30:57.087240 - Found SHOWTPVT.txt (text/plain) in SBGOLOB.CBT509.FILE874, moved to PDS/SHOWTPVT
2025-04-10 15:30:57.087383 - Found STEPLIB.txt (text/plain) in SBGOLOB.CBT509.FILE874, moved to PDS/STEPLIB
2025-04-10 15:30:57.087496 - Found TSUB.txt (text/plain) in SBGOLOB.CBT509.FILE874, moved to PDS/TSUB
2025-04-10 15:30:57.087598 - Found TSUBQUIK.txt (text/plain) in SBGOLOB.CBT509.FILE874, moved to PDS/TSUBQUIK
2025-04-10 15:30:57.087701 - Found TSUINFO.txt (text/plain) in SBGOLOB.CBT509.FILE874, moved to PDS/TSUINFO
2025-04-10 15:30:57.087800 - Found TSVTTMO.txt (text/plain) in SBGOLOB.CBT509.FILE874, moved to PDS/TSVTTMO
2025-04-10 15:30:57.087906 - Found TSVT8.txt (text/plain) in SBGOLOB.CBT509.FILE874, moved to PDS/TSVT8
2025-04-10 15:30:57.088011 - Found UCBDASD.txt (text/plain) in SBGOLOB.CBT509.FILE874, moved to PDS/UCBDASD
2025-04-10 15:30:57.088114 - Found UCBPRIV.txt (text/plain) in SBGOLOB.CBT509.FILE874, moved to PDS/UCBPRIV
2025-04-10 15:30:57.088217 - Found UCBPUBL.txt (text/plain) in SBGOLOB.CBT509.FILE874, moved to PDS/UCBPUBL
2025-04-10 15:30:57.088330 - Found UCBSTOR.txt (text/plain) in SBGOLOB.CBT509.FILE874, moved to PDS/UCBSTOR
2025-04-10 15:30:57.088443 - Found UCBTAPE.txt (text/plain) in SBGOLOB.CBT509.FILE874, moved to PDS/UCBTAPE
2025-04-10 15:30:57.088555 - Found UKEYCSA.txt (text/plain) in SBGOLOB.CBT509.FILE874, moved to PDS/UKEYCSA
2025-04-10 15:30:57.088657 - Found ULUDASD.txt (text/plain) in SBGOLOB.CBT509.FILE874, moved to PDS/ULUDASD
2025-04-10 15:30:57.088765 - Found ULUTAPE.txt (text/plain) in SBGOLOB.CBT509.FILE874, moved to PDS/ULUTAPE
2025-04-10 15:30:57.088867 - Found USERINFO.txt (text/plain) in SBGOLOB.CBT509.FILE874, moved to PDS/USERINFO
2025-04-10 15:30:57.088976 - Found VSAMANAL.txt (text/plain) in SBGOLOB.CBT509.FILE874, moved to PDS/VSAMANAL
2025-04-10 15:30:57.089079 - Found WHEREIS.txt (text/plain) in SBGOLOB.CBT509.FILE874, moved to PDS/WHEREIS
2025-04-10 15:30:57.089185 - Found WHOSGOT.txt (text/plain) in SBGOLOB.CBT509.FILE874, moved to PDS/WHOSGOT
2025-04-10 15:30:57.089287 - Found WHOSON.txt (text/plain) in SBGOLOB.CBT509.FILE874, moved to PDS/WHOSON
2025-04-10 15:30:57.089383 - Found XEQ.txt (text/plain) in SBGOLOB.CBT509.FILE874, moved to PDS/XEQ
